  engine.cpp
c:\users\ek\desktop\devictus\devictus\engine\engine.h(4): fatal error C1083: Cannot open include file: 'glad/glad.h': No such file or directory
  manager.cpp
c:\users\ek\desktop\devictus\devictus\engine\shader.h(6): fatal error C1083: Cannot open include file: 'glad/glad.h': No such file or directory
  mesh.cpp
c:\users\ek\desktop\devictus\devictus\engine\mesh.h(4): fatal error C1083: Cannot open include file: 'glad/glad.h': No such file or directory
  particle.cpp
c:\users\ek\desktop\devictus\devictus\engine\particle.h(5): fatal error C1083: Cannot open include file: 'glad/glad.h': No such file or directory
  shader.cpp
c:\users\ek\desktop\devictus\devictus\engine\shader.h(6): fatal error C1083: Cannot open include file: 'glad/glad.h': No such file or directory
  shadow.cpp
c:\users\ek\desktop\devictus\devictus\engine\shadow.h(7): fatal error C1083: Cannot open include file: 'glm/gtc/type_ptr.hpp': No such file or directory
  text.cpp
c:\users\ek\desktop\devictus\devictus\engine\text.h(4): fatal error C1083: Cannot open include file: 'ft2build.h': No such file or directory
  texture.cpp
c:\users\ek\desktop\devictus\devictus\engine\texture.h(4): fatal error C1083: Cannot open include file: 'glad/glad.h': No such file or directory
  camera.cpp
c:\users\ek\desktop\devictus\devictus\game\camera.h(4): fatal error C1083: Cannot open include file: 'glad/glad.h': No such file or directory
  enemy.cpp
c:\users\ek\desktop\devictus\devictus\game\object.h(4): fatal error C1083: Cannot open include file: 'glad/glad.h': No such file or directory
  game.cpp
c:\users\ek\desktop\devictus\devictus\engine\shader.h(6): fatal error C1083: Cannot open include file: 'glad/glad.h': No such file or directory
  object.cpp
c:\users\ek\desktop\devictus\devictus\game\object.h(4): fatal error C1083: Cannot open include file: 'glad/glad.h': No such file or directory
  player.cpp
c:\users\ek\desktop\devictus\devictus\game\object.h(4): fatal error C1083: Cannot open include file: 'glad/glad.h': No such file or directory
  projectile.cpp
c:\users\ek\desktop\devictus\devictus\game\object.h(4): fatal error C1083: Cannot open include file: 'glad/glad.h': No such file or directory
  scene.cpp
c:\users\ek\desktop\devictus\devictus\engine\shader.h(6): fatal error C1083: Cannot open include file: 'glad/glad.h': No such file or directory
  main.cpp
c:\users\ek\desktop\devictus\devictus\engine\engine.h(4): fatal error C1083: Cannot open include file: 'glad/glad.h': No such file or directory
